{"/Users/illianyhamdan/dev-sites/build-your-own-radar/src/graphing/radar.js":{"path":"/Users/illianyhamdan/dev-sites/build-your-own-radar/src/graphing/radar.js","s":{"1":1,"2":1,"3":1,"4":1,"5":1,"6":1,"7":1,"8":0,"9":0,"10":0,"11":0,"12":0,"13":0,"14":0,"15":0,"16":0,"17":0,"18":0,"19":0,"20":1,"21":0,"22":1,"23":0,"24":1,"25":0,"26":0,"27":0,"28":0,"29":0,"30":0,"31":0,"32":0,"33":0,"34":0,"35":1,"36":0,"37":0,"38":0,"39":0,"40":0,"41":1,"42":0,"43":0,"44":0,"45":0,"46":1,"47":0,"48":1,"49":0,"50":1,"51":0,"52":1,"53":0,"54":1,"55":0,"56":0,"57":0,"58":1,"59":0,"60":0,"61":0,"62":0,"63":0,"64":0,"65":0,"66":0,"67":0,"68":1,"69":0,"70":0,"71":1,"72":0,"73":0,"74":0,"75":0,"76":0,"77":0,"78":0,"79":0,"80":0,"81":0,"82":0,"83":0,"84":0,"85":0,"86":0,"87":0,"88":0,"89":0,"90":0,"91":0,"92":0,"93":0,"94":0,"95":0,"96":0,"97":1,"98":0,"99":0,"100":0,"101":0,"102":0,"103":0,"104":0,"105":0,"106":0,"107":0,"108":0,"109":0,"110":0,"111":0,"112":1,"113":0,"114":0,"115":0,"116":0,"117":0,"118":0,"119":0,"120":0,"121":0,"122":0,"123":0,"124":0,"125":0,"126":0,"127":0,"128":0,"129":0,"130":0,"131":0,"132":0,"133":0,"134":0,"135":0,"136":0,"137":0,"138":0,"139":0,"140":0,"141":0,"142":0,"143":1,"144":0,"145":1,"146":0,"147":0,"148":1,"149":0,"150":1,"151":0,"152":0,"153":0,"154":0,"155":0,"156":0,"157":0,"158":0,"159":0,"160":0,"161":0,"162":0,"163":0,"164":0,"165":0,"166":0,"167":0,"168":0,"169":0,"170":0,"171":0,"172":0,"173":0,"174":1,"175":0,"176":0,"177":0,"178":0,"179":0,"180":0,"181":0,"182":0,"183":0,"184":1,"185":0,"186":0,"187":0,"188":0,"189":1,"190":1,"191":0,"192":0,"193":0,"194":0,"195":0,"196":1,"197":0,"198":1,"199":0,"200":0,"201":1,"202":0,"203":1,"204":0,"205":0,"206":0,"207":0,"208":0,"209":0,"210":0,"211":0,"212":0,"213":0,"214":0,"215":0,"216":0,"217":0,"218":0,"219":0,"220":0,"221":0,"222":0,"223":0,"224":0,"225":0,"226":0,"227":0,"228":0,"229":0,"230":0,"231":0,"232":0,"233":0,"234":0,"235":0,"236":0,"237":0,"238":0,"239":0,"240":0,"241":0,"242":0,"243":0,"244":0,"245":0,"246":0,"247":0,"248":0,"249":0,"250":0,"251":1},"b":{"1":[0,0],"2":[0,0],"3":[0,0],"4":[0,0],"5":[0,0],"6":[0,0],"7":[0,0],"8":[0,0],"9":[0,0],"10":[0,0],"11":[0,0],"12":[0,0],"13":[0,0],"14":[0,0],"15":[0,0],"16":[0,0],"17":[0,0],"18":[0,0],"19":[0,0],"20":[0,0],"21":[0,0],"22":[0,0],"23":[0,0],"24":[0,0]},"f":{"1":0,"2":0,"3":0,"4":0,"5":0,"6":0,"7":0,"8":0,"9":0,"10":0,"11":0,"12":0,"13":0,"14":0,"15":0,"16":0,"17":0,"18":0,"19":0,"20":0,"21":0,"22":0,"23":0,"24":0,"25":0,"26":0,"27":0,"28":0,"29":0,"30":0,"31":0,"32":0,"33":0,"34":0,"35":0,"36":0,"37":0,"38":0,"39":0,"40":0,"41":0,"42":0,"43":0,"44":0,"45":0,"46":0,"47":0},"fnMap":{"1":{"name":"(anonymous_1)","line":10,"loc":{"start":{"line":10,"column":14},"end":{"line":10,"column":37}}},"2":{"name":"(anonymous_2)","line":13,"loc":{"start":{"line":13,"column":49},"end":{"line":13,"column":65}}},"3":{"name":"(anonymous_3)","line":17,"loc":{"start":{"line":17,"column":16},"end":{"line":17,"column":28}}},"4":{"name":"center","line":32,"loc":{"start":{"line":32,"column":2},"end":{"line":32,"column":20}}},"5":{"name":"toRadian","line":36,"loc":{"start":{"line":36,"column":2},"end":{"line":36,"column":36}}},"6":{"name":"plotLines","line":40,"loc":{"start":{"line":40,"column":2},"end":{"line":40,"column":46}}},"7":{"name":"plotQuadrant","line":64,"loc":{"start":{"line":64,"column":2},"end":{"line":64,"column":41}}},"8":{"name":"(anonymous_8)","line":71,"loc":{"start":{"line":71,"column":18},"end":{"line":71,"column":37}}},"9":{"name":"plotTexts","line":87,"loc":{"start":{"line":87,"column":2},"end":{"line":87,"column":53}}},"10":{"name":"(anonymous_10)","line":88,"loc":{"start":{"line":88,"column":18},"end":{"line":88,"column":37}}},"11":{"name":"triangle","line":107,"loc":{"start":{"line":107,"column":2},"end":{"line":107,"column":46}}},"12":{"name":"triangleLegend","line":113,"loc":{"start":{"line":113,"column":2},"end":{"line":113,"column":39}}},"13":{"name":"circle","line":118,"loc":{"start":{"line":118,"column":2},"end":{"line":118,"column":44}}},"14":{"name":"circleLegend","line":125,"loc":{"start":{"line":125,"column":2},"end":{"line":125,"column":37}}},"15":{"name":"addRing","line":131,"loc":{"start":{"line":131,"column":2},"end":{"line":131,"column":32}}},"16":{"name":"calculateBlipCoordinates","line":137,"loc":{"start":{"line":137,"column":2},"end":{"line":137,"column":84}}},"17":{"name":"thereIsCollision","line":152,"loc":{"start":{"line":152,"column":2},"end":{"line":152,"column":63}}},"18":{"name":"(anonymous_18)","line":153,"loc":{"start":{"line":153,"column":31},"end":{"line":153,"column":61}}},"19":{"name":"plotBlips","line":158,"loc":{"start":{"line":158,"column":2},"end":{"line":158,"column":60}}},"20":{"name":"(anonymous_20)","line":171,"loc":{"start":{"line":171,"column":18},"end":{"line":171,"column":37}}},"21":{"name":"(anonymous_21)","line":172,"loc":{"start":{"line":172,"column":35},"end":{"line":172,"column":51}}},"22":{"name":"(anonymous_22)","line":185,"loc":{"start":{"line":185,"column":49},"end":{"line":185,"column":65}}},"23":{"name":"(anonymous_23)","line":188,"loc":{"start":{"line":188,"column":57},"end":{"line":188,"column":73}}},"24":{"name":"(anonymous_24)","line":196,"loc":{"start":{"line":196,"column":24},"end":{"line":196,"column":40}}},"25":{"name":"findBlipCoordinates","line":209,"loc":{"start":{"line":209,"column":2},"end":{"line":209,"column":97}}},"26":{"name":"drawBlipInCoordinates","line":233,"loc":{"start":{"line":233,"column":2},"end":{"line":233,"column":84}}},"27":{"name":"(anonymous_27)","line":266,"loc":{"start":{"line":266,"column":20},"end":{"line":266,"column":32}}},"28":{"name":"(anonymous_28)","line":273,"loc":{"start":{"line":273,"column":19},"end":{"line":273,"column":31}}},"29":{"name":"(anonymous_29)","line":282,"loc":{"start":{"line":282,"column":20},"end":{"line":282,"column":32}}},"30":{"name":"(anonymous_30)","line":287,"loc":{"start":{"line":287,"column":38},"end":{"line":287,"column":50}}},"31":{"name":"removeHomeLink","line":295,"loc":{"start":{"line":295,"column":2},"end":{"line":295,"column":27}}},"32":{"name":"createHomeLink","line":299,"loc":{"start":{"line":299,"column":2},"end":{"line":299,"column":39}}},"33":{"name":"removeRadarLegend","line":313,"loc":{"start":{"line":313,"column":2},"end":{"line":313,"column":30}}},"34":{"name":"drawLegend","line":317,"loc":{"start":{"line":317,"column":2},"end":{"line":317,"column":29}}},"35":{"name":"redrawFullRadar","line":375,"loc":{"start":{"line":375,"column":2},"end":{"line":375,"column":29}}},"36":{"name":"plotRadarHeader","line":402,"loc":{"start":{"line":402,"column":2},"end":{"line":402,"column":29}}},"37":{"name":"plotQuadrantButtons","line":421,"loc":{"start":{"line":421,"column":2},"end":{"line":421,"column":50}}},"38":{"name":"addButton","line":423,"loc":{"start":{"line":423,"column":4},"end":{"line":423,"column":33}}},"39":{"name":"(anonymous_39)","line":437,"loc":{"start":{"line":437,"column":25},"end":{"line":437,"column":38}}},"40":{"name":"plotRadarFooter","line":448,"loc":{"start":{"line":448,"column":2},"end":{"line":448,"column":29}}},"41":{"name":"mouseoverQuadrant","line":461,"loc":{"start":{"line":461,"column":2},"end":{"line":461,"column":36}}},"42":{"name":"mouseoutQuadrant","line":466,"loc":{"start":{"line":466,"column":2},"end":{"line":466,"column":35}}},"43":{"name":"selectQuadrant","line":470,"loc":{"start":{"line":470,"column":2},"end":{"line":470,"column":45}}},"44":{"name":"(anonymous_44)","line":502,"loc":{"start":{"line":502,"column":71},"end":{"line":502,"column":83}}},"45":{"name":"(anonymous_45)","line":527,"loc":{"start":{"line":527,"column":14},"end":{"line":527,"column":26}}},"46":{"name":"(anonymous_46)","line":532,"loc":{"start":{"line":532,"column":14},"end":{"line":532,"column":26}}},"47":{"name":"(anonymous_47)","line":545,"loc":{"start":{"line":545,"column":22},"end":{"line":545,"column":42}}}},"statementMap":{"1":{"start":{"line":1,"column":0},"end":{"line":1,"column":25}},"2":{"start":{"line":2,"column":0},"end":{"line":2,"column":32}},"3":{"start":{"line":3,"column":0},"end":{"line":3,"column":33}},"4":{"start":{"line":4,"column":0},"end":{"line":4,"column":33}},"5":{"start":{"line":6,"column":0},"end":{"line":6,"column":57}},"6":{"start":{"line":8,"column":0},"end":{"line":8,"column":26}},"7":{"start":{"line":10,"column":0},"end":{"line":556,"column":2}},"8":{"start":{"line":11,"column":2},"end":{"line":11,"column":24}},"9":{"start":{"line":13,"column":2},"end":{"line":15,"column":5}},"10":{"start":{"line":14,"column":4},"end":{"line":14,"column":16}},"11":{"start":{"line":17,"column":2},"end":{"line":26,"column":5}},"12":{"start":{"line":18,"column":4},"end":{"line":24,"column":5}},"13":{"start":{"line":19,"column":6},"end":{"line":19,"column":67}},"14":{"start":{"line":20,"column":6},"end":{"line":23,"column":20}},"15":{"start":{"line":21,"column":8},"end":{"line":21,"column":20}},"16":{"start":{"line":23,"column":8},"end":{"line":23,"column":20}},"17":{"start":{"line":25,"column":4},"end":{"line":25,"column":15}},"18":{"start":{"line":28,"column":2},"end":{"line":28,"column":74}},"19":{"start":{"line":30,"column":2},"end":{"line":30,"column":16}},"20":{"start":{"line":32,"column":2},"end":{"line":34,"column":3}},"21":{"start":{"line":33,"column":4},"end":{"line":33,"column":32}},"22":{"start":{"line":36,"column":2},"end":{"line":38,"column":3}},"23":{"start":{"line":37,"column":4},"end":{"line":37,"column":42}},"24":{"start":{"line":40,"column":2},"end":{"line":62,"column":3}},"25":{"start":{"line":41,"column":4},"end":{"line":41,"column":81}},"26":{"start":{"line":42,"column":4},"end":{"line":42,"column":84}},"27":{"start":{"line":44,"column":4},"end":{"line":44,"column":80}},"28":{"start":{"line":45,"column":4},"end":{"line":45,"column":83}},"29":{"start":{"line":47,"column":4},"end":{"line":51,"column":5}},"30":{"start":{"line":48,"column":6},"end":{"line":48,"column":21}},"31":{"start":{"line":49,"column":6},"end":{"line":49,"column":20}},"32":{"start":{"line":50,"column":6},"end":{"line":50,"column":19}},"33":{"start":{"line":53,"column":4},"end":{"line":56,"column":32}},"34":{"start":{"line":58,"column":4},"end":{"line":61,"column":32}},"35":{"start":{"line":64,"column":2},"end":{"line":85,"column":3}},"36":{"start":{"line":65,"column":4},"end":{"line":69,"column":81}},"37":{"start":{"line":71,"column":4},"end":{"line":82,"column":7}},"38":{"start":{"line":72,"column":6},"end":{"line":76,"column":54}},"39":{"start":{"line":78,"column":6},"end":{"line":81,"column":76}},"40":{"start":{"line":84,"column":4},"end":{"line":84,"column":25}},"41":{"start":{"line":87,"column":2},"end":{"line":105,"column":3}},"42":{"start":{"line":88,"column":4},"end":{"line":104,"column":7}},"43":{"start":{"line":89,"column":6},"end":{"line":103,"column":7}},"44":{"start":{"line":90,"column":8},"end":{"line":95,"column":29}},"45":{"start":{"line":97,"column":8},"end":{"line":102,"column":29}},"46":{"start":{"line":107,"column":2},"end":{"line":111,"column":3}},"47":{"start":{"line":108,"column":4},"end":{"line":110,"column":28}},"48":{"start":{"line":113,"column":2},"end":{"line":116,"column":3}},"49":{"start":{"line":114,"column":4},"end":{"line":115,"column":137}},"50":{"start":{"line":118,"column":2},"end":{"line":123,"column":3}},"51":{"start":{"line":119,"column":4},"end":{"line":122,"column":28}},"52":{"start":{"line":125,"column":2},"end":{"line":129,"column":3}},"53":{"start":{"line":126,"column":4},"end":{"line":128,"column":137}},"54":{"start":{"line":131,"column":2},"end":{"line":135,"column":3}},"55":{"start":{"line":132,"column":4},"end":{"line":132,"column":54}},"56":{"start":{"line":133,"column":4},"end":{"line":133,"column":34}},"57":{"start":{"line":134,"column":4},"end":{"line":134,"column":30}},"58":{"start":{"line":137,"column":2},"end":{"line":150,"column":3}},"59":{"start":{"line":138,"column":4},"end":{"line":138,"column":82}},"60":{"start":{"line":139,"column":4},"end":{"line":139,"column":83}},"61":{"start":{"line":141,"column":4},"end":{"line":141,"column":101}},"62":{"start":{"line":142,"column":4},"end":{"line":142,"column":72}},"63":{"start":{"line":143,"column":4},"end":{"line":143,"column":51}},"64":{"start":{"line":144,"column":4},"end":{"line":144,"column":82}},"65":{"start":{"line":146,"column":4},"end":{"line":146,"column":58}},"66":{"start":{"line":147,"column":4},"end":{"line":147,"column":58}},"67":{"start":{"line":149,"column":4},"end":{"line":149,"column":18}},"68":{"start":{"line":152,"column":2},"end":{"line":156,"column":3}},"69":{"start":{"line":153,"column":4},"end":{"line":155,"column":7}},"70":{"start":{"line":154,"column":6},"end":{"line":154,"column":143}},"71":{"start":{"line":158,"column":2},"end":{"line":207,"column":3}},"72":{"start":{"line":159,"column":4},"end":{"line":159,"column":43}},"73":{"start":{"line":161,"column":4},"end":{"line":161,"column":40}},"74":{"start":{"line":162,"column":4},"end":{"line":162,"column":44}},"75":{"start":{"line":163,"column":4},"end":{"line":163,"column":34}},"76":{"start":{"line":165,"column":4},"end":{"line":168,"column":29}},"77":{"start":{"line":170,"column":4},"end":{"line":170,"column":29}},"78":{"start":{"line":171,"column":4},"end":{"line":206,"column":7}},"79":{"start":{"line":172,"column":6},"end":{"line":174,"column":9}},"80":{"start":{"line":173,"column":8},"end":{"line":173,"column":35}},"81":{"start":{"line":176,"column":6},"end":{"line":178,"column":7}},"82":{"start":{"line":177,"column":8},"end":{"line":177,"column":15}},"83":{"start":{"line":180,"column":6},"end":{"line":180,"column":31}},"84":{"start":{"line":182,"column":6},"end":{"line":182,"column":46}},"85":{"start":{"line":183,"column":6},"end":{"line":183,"column":50}},"86":{"start":{"line":185,"column":6},"end":{"line":187,"column":12}},"87":{"start":{"line":186,"column":8},"end":{"line":186,"column":35}},"88":{"start":{"line":188,"column":6},"end":{"line":190,"column":12}},"89":{"start":{"line":189,"column":8},"end":{"line":189,"column":35}},"90":{"start":{"line":191,"column":6},"end":{"line":191,"column":109}},"91":{"start":{"line":193,"column":6},"end":{"line":193,"column":49}},"92":{"start":{"line":194,"column":6},"end":{"line":194,"column":40}},"93":{"start":{"line":196,"column":6},"end":{"line":205,"column":9}},"94":{"start":{"line":197,"column":8},"end":{"line":201,"column":36}},"95":{"start":{"line":203,"column":8},"end":{"line":203,"column":51}},"96":{"start":{"line":204,"column":8},"end":{"line":204,"column":81}},"97":{"start":{"line":209,"column":2},"end":{"line":231,"column":3}},"98":{"start":{"line":210,"column":4},"end":{"line":210,"column":30}},"99":{"start":{"line":211,"column":4},"end":{"line":211,"column":95}},"100":{"start":{"line":212,"column":4},"end":{"line":212,"column":29}},"101":{"start":{"line":213,"column":4},"end":{"line":213,"column":28}},"102":{"start":{"line":215,"column":4},"end":{"line":223,"column":5}},"103":{"start":{"line":216,"column":6},"end":{"line":221,"column":7}},"104":{"start":{"line":217,"column":8},"end":{"line":217,"column":95}},"105":{"start":{"line":219,"column":8},"end":{"line":219,"column":27}},"106":{"start":{"line":220,"column":8},"end":{"line":220,"column":14}},"107":{"start":{"line":222,"column":6},"end":{"line":222,"column":25}},"108":{"start":{"line":225,"column":4},"end":{"line":230,"column":5}},"109":{"start":{"line":226,"column":6},"end":{"line":226,"column":34}},"110":{"start":{"line":227,"column":6},"end":{"line":227,"column":99}},"111":{"start":{"line":229,"column":6},"end":{"line":229,"column":25}},"112":{"start":{"line":233,"column":2},"end":{"line":293,"column":3}},"113":{"start":{"line":234,"column":4},"end":{"line":234,"column":27}},"114":{"start":{"line":235,"column":4},"end":{"line":235,"column":27}},"115":{"start":{"line":237,"column":4},"end":{"line":237,"column":69}},"116":{"start":{"line":239,"column":4},"end":{"line":243,"column":5}},"117":{"start":{"line":240,"column":6},"end":{"line":240,"column":41}},"118":{"start":{"line":242,"column":6},"end":{"line":242,"column":39}},"119":{"start":{"line":245,"column":4},"end":{"line":252,"column":27}},"120":{"start":{"line":254,"column":4},"end":{"line":254,"column":45}},"121":{"start":{"line":255,"column":4},"end":{"line":255,"column":102}},"122":{"start":{"line":256,"column":4},"end":{"line":258,"column":22}},"123":{"start":{"line":260,"column":4},"end":{"line":261,"column":46}},"124":{"start":{"line":262,"column":4},"end":{"line":264,"column":5}},"125":{"start":{"line":263,"column":6},"end":{"line":263,"column":63}},"126":{"start":{"line":266,"column":4},"end":{"line":271,"column":6}},"127":{"start":{"line":267,"column":6},"end":{"line":267,"column":55}},"128":{"start":{"line":268,"column":6},"end":{"line":268,"column":33}},"129":{"start":{"line":269,"column":6},"end":{"line":269,"column":75}},"130":{"start":{"line":270,"column":6},"end":{"line":270,"column":42}},"131":{"start":{"line":273,"column":4},"end":{"line":277,"column":6}},"132":{"start":{"line":274,"column":6},"end":{"line":274,"column":55}},"133":{"start":{"line":275,"column":6},"end":{"line":275,"column":76}},"134":{"start":{"line":276,"column":6},"end":{"line":276,"column":50}},"135":{"start":{"line":279,"column":4},"end":{"line":279,"column":69}},"136":{"start":{"line":280,"column":4},"end":{"line":280,"column":62}},"137":{"start":{"line":282,"column":4},"end":{"line":290,"column":6}},"138":{"start":{"line":283,"column":6},"end":{"line":284,"column":80}},"139":{"start":{"line":285,"column":6},"end":{"line":285,"column":88}},"140":{"start":{"line":287,"column":6},"end":{"line":289,"column":9}},"141":{"start":{"line":288,"column":8},"end":{"line":288,"column":35}},"142":{"start":{"line":292,"column":4},"end":{"line":292,"column":40}},"143":{"start":{"line":295,"column":2},"end":{"line":297,"column":3}},"144":{"start":{"line":296,"column":4},"end":{"line":296,"column":37}},"145":{"start":{"line":299,"column":2},"end":{"line":311,"column":3}},"146":{"start":{"line":300,"column":4},"end":{"line":310,"column":5}},"147":{"start":{"line":301,"column":6},"end":{"line":309,"column":2481}},"148":{"start":{"line":313,"column":2},"end":{"line":315,"column":3}},"149":{"start":{"line":314,"column":4},"end":{"line":314,"column":34}},"150":{"start":{"line":317,"column":2},"end":{"line":373,"column":3}},"151":{"start":{"line":318,"column":4},"end":{"line":318,"column":24}},"152":{"start":{"line":320,"column":4},"end":{"line":320,"column":37}},"153":{"start":{"line":321,"column":4},"end":{"line":321,"column":32}},"154":{"start":{"line":323,"column":4},"end":{"line":324,"column":48}},"155":{"start":{"line":326,"column":4},"end":{"line":326,"column":15}},"156":{"start":{"line":327,"column":4},"end":{"line":327,"column":15}},"157":{"start":{"line":330,"column":4},"end":{"line":333,"column":5}},"158":{"start":{"line":331,"column":6},"end":{"line":331,"column":23}},"159":{"start":{"line":332,"column":6},"end":{"line":332,"column":23}},"160":{"start":{"line":335,"column":4},"end":{"line":338,"column":5}},"161":{"start":{"line":336,"column":6},"end":{"line":336,"column":28}},"162":{"start":{"line":337,"column":6},"end":{"line":337,"column":28}},"163":{"start":{"line":340,"column":4},"end":{"line":343,"column":5}},"164":{"start":{"line":341,"column":6},"end":{"line":341,"column":28}},"165":{"start":{"line":342,"column":6},"end":{"line":342,"column":28}},"166":{"start":{"line":345,"column":4},"end":{"line":348,"column":5}},"167":{"start":{"line":346,"column":6},"end":{"line":346,"column":23}},"168":{"start":{"line":347,"column":6},"end":{"line":347,"column":23}},"169":{"start":{"line":350,"column":4},"end":{"line":353,"column":38}},"170":{"start":{"line":355,"column":4},"end":{"line":355,"column":36}},"171":{"start":{"line":357,"column":4},"end":{"line":362,"column":25}},"172":{"start":{"line":365,"column":4},"end":{"line":365,"column":39}},"173":{"start":{"line":367,"column":4},"end":{"line":372,"column":23}},"174":{"start":{"line":375,"column":2},"end":{"line":400,"column":3}},"175":{"start":{"line":376,"column":4},"end":{"line":376,"column":21}},"176":{"start":{"line":377,"column":4},"end":{"line":377,"column":24}},"177":{"start":{"line":379,"column":4},"end":{"line":379,"column":43}},"178":{"start":{"line":381,"column":4},"end":{"line":383,"column":34}},"179":{"start":{"line":385,"column":4},"end":{"line":385,"column":63}},"180":{"start":{"line":386,"column":4},"end":{"line":386,"column":58}},"181":{"start":{"line":388,"column":4},"end":{"line":391,"column":37}},"182":{"start":{"line":393,"column":4},"end":{"line":396,"column":37}},"183":{"start":{"line":398,"column":4},"end":{"line":399,"column":39}},"184":{"start":{"line":402,"column":2},"end":{"line":419,"column":3}},"185":{"start":{"line":403,"column":4},"end":{"line":403,"column":62}},"186":{"start":{"line":404,"column":4},"end":{"line":411,"column":36}},"187":{"start":{"line":413,"column":4},"end":{"line":416,"column":91}},"188":{"start":{"line":418,"column":4},"end":{"line":418,"column":18}},"189":{"start":{"line":421,"column":2},"end":{"line":446,"column":3}},"190":{"start":{"line":423,"column":4},"end":{"line":435,"column":5}},"191":{"start":{"line":424,"column":6},"end":{"line":426,"column":59}},"192":{"start":{"line":429,"column":6},"end":{"line":434,"column":83}},"193":{"start":{"line":437,"column":4},"end":{"line":439,"column":7}},"194":{"start":{"line":438,"column":6},"end":{"line":438,"column":30}},"195":{"start":{"line":442,"column":4},"end":{"line":445,"column":46}},"196":{"start":{"line":448,"column":2},"end":{"line":459,"column":3}},"197":{"start":{"line":449,"column":4},"end":{"line":458,"column":152}},"198":{"start":{"line":461,"column":2},"end":{"line":464,"column":3}},"199":{"start":{"line":462,"column":4},"end":{"line":462,"column":62}},"200":{"start":{"line":463,"column":4},"end":{"line":463,"column":93}},"201":{"start":{"line":466,"column":2},"end":{"line":468,"column":3}},"202":{"start":{"line":467,"column":4},"end":{"line":467,"column":91}},"203":{"start":{"line":470,"column":2},"end":{"line":525,"column":3}},"204":{"start":{"line":471,"column":4},"end":{"line":471,"column":58}},"205":{"start":{"line":472,"column":4},"end":{"line":472,"column":40}},"206":{"start":{"line":474,"column":4},"end":{"line":474,"column":83}},"207":{"start":{"line":475,"column":4},"end":{"line":475,"column":63}},"208":{"start":{"line":476,"column":4},"end":{"line":476,"column":63}},"209":{"start":{"line":477,"column":4},"end":{"line":477,"column":71}},"210":{"start":{"line":478,"column":4},"end":{"line":478,"column":70}},"211":{"start":{"line":480,"column":4},"end":{"line":480,"column":18}},"212":{"start":{"line":482,"column":4},"end":{"line":482,"column":82}},"213":{"start":{"line":483,"column":4},"end":{"line":483,"column":82}},"214":{"start":{"line":485,"column":4},"end":{"line":485,"column":105}},"215":{"start":{"line":486,"column":4},"end":{"line":486,"column":120}},"216":{"start":{"line":488,"column":4},"end":{"line":488,"column":108}},"217":{"start":{"line":489,"column":4},"end":{"line":489,"column":61}},"218":{"start":{"line":491,"column":4},"end":{"line":491,"column":73}},"219":{"start":{"line":492,"column":4},"end":{"line":492,"column":72}},"220":{"start":{"line":494,"column":4},"end":{"line":494,"column":26}},"221":{"start":{"line":495,"column":4},"end":{"line":495,"column":52}},"222":{"start":{"line":497,"column":4},"end":{"line":497,"column":72}},"223":{"start":{"line":498,"column":4},"end":{"line":501,"column":97}},"224":{"start":{"line":502,"column":4},"end":{"line":509,"column":7}},"225":{"start":{"line":503,"column":6},"end":{"line":503,"column":40}},"226":{"start":{"line":504,"column":6},"end":{"line":504,"column":40}},"227":{"start":{"line":505,"column":6},"end":{"line":508,"column":117}},"228":{"start":{"line":511,"column":4},"end":{"line":512,"column":39}},"229":{"start":{"line":514,"column":4},"end":{"line":518,"column":91}},"230":{"start":{"line":522,"column":4},"end":{"line":524,"column":5}},"231":{"start":{"line":523,"column":6},"end":{"line":523,"column":24}},"232":{"start":{"line":527,"column":2},"end":{"line":530,"column":4}},"233":{"start":{"line":528,"column":4},"end":{"line":528,"column":71}},"234":{"start":{"line":529,"column":4},"end":{"line":529,"column":16}},"235":{"start":{"line":532,"column":2},"end":{"line":553,"column":4}},"236":{"start":{"line":533,"column":4},"end":{"line":533,"column":25}},"237":{"start":{"line":535,"column":4},"end":{"line":535,"column":26}},"238":{"start":{"line":536,"column":4},"end":{"line":536,"column":34}},"239":{"start":{"line":537,"column":4},"end":{"line":537,"column":35}},"240":{"start":{"line":539,"column":4},"end":{"line":539,"column":43}},"241":{"start":{"line":541,"column":4},"end":{"line":541,"column":51}},"242":{"start":{"line":542,"column":4},"end":{"line":542,"column":47}},"243":{"start":{"line":543,"column":4},"end":{"line":543,"column":79}},"244":{"start":{"line":545,"column":4},"end":{"line":550,"column":7}},"245":{"start":{"line":546,"column":6},"end":{"line":546,"column":56}},"246":{"start":{"line":547,"column":6},"end":{"line":547,"column":41}},"247":{"start":{"line":548,"column":6},"end":{"line":548,"column":48}},"248":{"start":{"line":549,"column":6},"end":{"line":549,"column":48}},"249":{"start":{"line":552,"column":4},"end":{"line":552,"column":22}},"250":{"start":{"line":555,"column":2},"end":{"line":555,"column":14}},"251":{"start":{"line":558,"column":0},"end":{"line":558,"column":23}}},"branchMap":{"1":{"line":18,"type":"if","locations":[{"start":{"line":18,"column":4},"end":{"line":18,"column":4}},{"start":{"line":18,"column":4},"end":{"line":18,"column":4}}]},"2":{"line":20,"type":"if","locations":[{"start":{"line":20,"column":6},"end":{"line":20,"column":6}},{"start":{"line":20,"column":6},"end":{"line":20,"column":6}}]},"3":{"line":20,"type":"binary-expr","locations":[{"start":{"line":20,"column":10},"end":{"line":20,"column":43}},{"start":{"line":20,"column":47},"end":{"line":20,"column":81}}]},"4":{"line":47,"type":"if","locations":[{"start":{"line":47,"column":4},"end":{"line":47,"column":4}},{"start":{"line":47,"column":4},"end":{"line":47,"column":4}}]},"5":{"line":89,"type":"if","locations":[{"start":{"line":89,"column":6},"end":{"line":89,"column":6}},{"start":{"line":89,"column":6},"end":{"line":89,"column":6}}]},"6":{"line":89,"type":"binary-expr","locations":[{"start":{"line":89,"column":10},"end":{"line":89,"column":36}},{"start":{"line":89,"column":40},"end":{"line":89,"column":67}}]},"7":{"line":119,"type":"binary-expr","locations":[{"start":{"line":119,"column":12},"end":{"line":119,"column":17}},{"start":{"line":119,"column":21},"end":{"line":119,"column":24}}]},"8":{"line":126,"type":"binary-expr","locations":[{"start":{"line":126,"column":12},"end":{"line":126,"column":17}},{"start":{"line":126,"column":21},"end":{"line":126,"column":24}}]},"9":{"line":143,"type":"cond-expr","locations":[{"start":{"line":143,"column":35},"end":{"line":143,"column":37}},{"start":{"line":143,"column":40},"end":{"line":143,"column":50}}]},"10":{"line":154,"type":"binary-expr","locations":[{"start":{"line":154,"column":14},"end":{"line":154,"column":75}},{"start":{"line":154,"column":81},"end":{"line":154,"column":142}}]},"11":{"line":176,"type":"if","locations":[{"start":{"line":176,"column":6},"end":{"line":176,"column":6}},{"start":{"line":176,"column":6},"end":{"line":176,"column":6}}]},"12":{"line":216,"type":"if","locations":[{"start":{"line":216,"column":6},"end":{"line":216,"column":6}},{"start":{"line":216,"column":6},"end":{"line":216,"column":6}}]},"13":{"line":225,"type":"if","locations":[{"start":{"line":225,"column":4},"end":{"line":225,"column":4}},{"start":{"line":225,"column":4},"end":{"line":225,"column":4}}]},"14":{"line":225,"type":"binary-expr","locations":[{"start":{"line":225,"column":8},"end":{"line":225,"column":20}},{"start":{"line":225,"column":24},"end":{"line":225,"column":51}}]},"15":{"line":239,"type":"if","locations":[{"start":{"line":239,"column":4},"end":{"line":239,"column":4}},{"start":{"line":239,"column":4},"end":{"line":239,"column":4}}]},"16":{"line":255,"type":"cond-expr","locations":[{"start":{"line":255,"column":73},"end":{"line":255,"column":94}},{"start":{"line":255,"column":98},"end":{"line":255,"column":100}}]},"17":{"line":262,"type":"if","locations":[{"start":{"line":262,"column":4},"end":{"line":262,"column":4}},{"start":{"line":262,"column":4},"end":{"line":262,"column":4}}]},"18":{"line":283,"type":"binary-expr","locations":[{"start":{"line":283,"column":6},"end":{"line":283,"column":88}},{"start":{"line":284,"column":8},"end":{"line":284,"column":79}}]},"19":{"line":300,"type":"if","locations":[{"start":{"line":300,"column":4},"end":{"line":300,"column":4}},{"start":{"line":300,"column":4},"end":{"line":300,"column":4}}]},"20":{"line":330,"type":"if","locations":[{"start":{"line":330,"column":4},"end":{"line":330,"column":4}},{"start":{"line":330,"column":4},"end":{"line":330,"column":4}}]},"21":{"line":335,"type":"if","locations":[{"start":{"line":335,"column":4},"end":{"line":335,"column":4}},{"start":{"line":335,"column":4},"end":{"line":335,"column":4}}]},"22":{"line":340,"type":"if","locations":[{"start":{"line":340,"column":4},"end":{"line":340,"column":4}},{"start":{"line":340,"column":4},"end":{"line":340,"column":4}}]},"23":{"line":345,"type":"if","locations":[{"start":{"line":345,"column":4},"end":{"line":345,"column":4}},{"start":{"line":345,"column":4},"end":{"line":345,"column":4}}]},"24":{"line":522,"type":"if","locations":[{"start":{"line":522,"column":4},"end":{"line":522,"column":4}},{"start":{"line":522,"column":4},"end":{"line":522,"column":4}}]}}},"/Users/illianyhamdan/dev-sites/build-your-own-radar/src/util/ringCalculator.js":{"path":"/Users/illianyhamdan/dev-sites/build-your-own-radar/src/util/ringCalculator.js","s":{"1":1,"2":1,"3":1,"4":1,"5":3,"6":15,"7":1,"8":1,"9":1,"10":1,"11":1,"12":1},"b":{},"f":{"1":1,"2":3,"3":15,"4":1},"fnMap":{"1":{"name":"(anonymous_1)","line":1,"loc":{"start":{"line":1,"column":23},"end":{"line":1,"column":59}}},"2":{"name":"(anonymous_2)","line":6,"loc":{"start":{"line":6,"column":13},"end":{"line":6,"column":30}}},"3":{"name":"(anonymous_3)","line":7,"loc":{"start":{"line":7,"column":48},"end":{"line":7,"column":77}}},"4":{"name":"(anonymous_4)","line":12,"loc":{"start":{"line":12,"column":19},"end":{"line":12,"column":34}}}},"statementMap":{"1":{"start":{"line":1,"column":0},"end":{"line":20,"column":2}},"2":{"start":{"line":2,"column":2},"end":{"line":2,"column":42}},"3":{"start":{"line":4,"column":2},"end":{"line":4,"column":16}},"4":{"start":{"line":6,"column":2},"end":{"line":10,"column":4}},"5":{"start":{"line":7,"column":4},"end":{"line":9,"column":10}},"6":{"start":{"line":8,"column":6},"end":{"line":8,"column":32}},"7":{"start":{"line":12,"column":2},"end":{"line":17,"column":4}},"8":{"start":{"line":13,"column":4},"end":{"line":13,"column":40}},"9":{"start":{"line":14,"column":4},"end":{"line":14,"column":29}},"10":{"start":{"line":16,"column":4},"end":{"line":16,"column":35}},"11":{"start":{"line":19,"column":2},"end":{"line":19,"column":14}},"12":{"start":{"line":22,"column":0},"end":{"line":22,"column":32}}},"branchMap":{}},"/Users/illianyhamdan/dev-sites/build-your-own-radar/src/models/quadrant.js":{"path":"/Users/illianyhamdan/dev-sites/build-your-own-radar/src/models/quadrant.js","s":{"1":1,"2":26,"3":26,"4":26,"5":26,"6":1,"7":26,"8":15,"9":14,"10":1,"11":26,"12":49,"13":26,"14":1},"b":{"1":[14,1]},"f":{"1":26,"2":1,"3":15,"4":49},"fnMap":{"1":{"name":"(anonymous_1)","line":1,"loc":{"start":{"line":1,"column":17},"end":{"line":1,"column":33}}},"2":{"name":"(anonymous_2)","line":7,"loc":{"start":{"line":7,"column":14},"end":{"line":7,"column":26}}},"3":{"name":"(anonymous_3)","line":11,"loc":{"start":{"line":11,"column":13},"end":{"line":11,"column":33}}},"4":{"name":"(anonymous_4)","line":19,"loc":{"start":{"line":19,"column":15},"end":{"line":19,"column":27}}}},"statementMap":{"1":{"start":{"line":1,"column":0},"end":{"line":24,"column":2}},"2":{"start":{"line":2,"column":2},"end":{"line":2,"column":18}},"3":{"start":{"line":4,"column":2},"end":{"line":4,"column":12}},"4":{"start":{"line":5,"column":2},"end":{"line":5,"column":13}},"5":{"start":{"line":7,"column":2},"end":{"line":9,"column":4}},"6":{"start":{"line":8,"column":4},"end":{"line":8,"column":16}},"7":{"start":{"line":11,"column":2},"end":{"line":17,"column":4}},"8":{"start":{"line":12,"column":4},"end":{"line":16,"column":5}},"9":{"start":{"line":13,"column":6},"end":{"line":13,"column":37}},"10":{"start":{"line":15,"column":6},"end":{"line":15,"column":27}},"11":{"start":{"line":19,"column":2},"end":{"line":21,"column":4}},"12":{"start":{"line":20,"column":4},"end":{"line":20,"column":26}},"13":{"start":{"line":23,"column":2},"end":{"line":23,"column":14}},"14":{"start":{"line":26,"column":0},"end":{"line":26,"column":26}}},"branchMap":{"1":{"line":12,"type":"if","locations":[{"start":{"line":12,"column":4},"end":{"line":12,"column":4}},{"start":{"line":12,"column":4},"end":{"line":12,"column":4}}]}}},"/Users/illianyhamdan/dev-sites/build-your-own-radar/src/models/ring.js":{"path":"/Users/illianyhamdan/dev-sites/build-your-own-radar/src/models/ring.js","s":{"1":1,"2":24,"3":24,"4":10,"5":24,"6":7,"7":24,"8":1},"b":{},"f":{"1":24,"2":10,"3":7},"fnMap":{"1":{"name":"(anonymous_1)","line":1,"loc":{"start":{"line":1,"column":13},"end":{"line":1,"column":36}}},"2":{"name":"(anonymous_2)","line":4,"loc":{"start":{"line":4,"column":14},"end":{"line":4,"column":26}}},"3":{"name":"(anonymous_3)","line":8,"loc":{"start":{"line":8,"column":15},"end":{"line":8,"column":27}}}},"statementMap":{"1":{"start":{"line":1,"column":0},"end":{"line":13,"column":2}},"2":{"start":{"line":2,"column":2},"end":{"line":2,"column":16}},"3":{"start":{"line":4,"column":2},"end":{"line":6,"column":4}},"4":{"start":{"line":5,"column":4},"end":{"line":5,"column":16}},"5":{"start":{"line":8,"column":2},"end":{"line":10,"column":4}},"6":{"start":{"line":9,"column":4},"end":{"line":9,"column":17}},"7":{"start":{"line":12,"column":2},"end":{"line":12,"column":14}},"8":{"start":{"line":15,"column":0},"end":{"line":15,"column":22}}},"branchMap":{}},"/Users/illianyhamdan/dev-sites/build-your-own-radar/src/models/blip.js":{"path":"/Users/illianyhamdan/dev-sites/build-your-own-radar/src/models/blip.js","s":{"1":1,"2":1,"3":33,"4":33,"5":33,"6":33,"7":33,"8":1,"9":33,"10":0,"11":33,"12":0,"13":33,"14":2,"15":33,"16":15,"17":33,"18":10,"19":33,"20":21,"21":33,"22":1},"b":{"1":[0,0],"2":[0,0]},"f":{"1":33,"2":1,"3":0,"4":0,"5":2,"6":15,"7":10,"8":21},"fnMap":{"1":{"name":"(anonymous_1)","line":2,"loc":{"start":{"line":2,"column":13},"end":{"line":2,"column":62}}},"2":{"name":"(anonymous_2)","line":10,"loc":{"start":{"line":10,"column":14},"end":{"line":10,"column":26}}},"3":{"name":"(anonymous_3)","line":14,"loc":{"start":{"line":14,"column":15},"end":{"line":14,"column":27}}},"4":{"name":"(anonymous_4)","line":18,"loc":{"start":{"line":18,"column":21},"end":{"line":18,"column":33}}},"5":{"name":"(anonymous_5)","line":22,"loc":{"start":{"line":22,"column":15},"end":{"line":22,"column":27}}},"6":{"name":"(anonymous_6)","line":26,"loc":{"start":{"line":26,"column":14},"end":{"line":26,"column":26}}},"7":{"name":"(anonymous_7)","line":30,"loc":{"start":{"line":30,"column":16},"end":{"line":30,"column":28}}},"8":{"name":"(anonymous_8)","line":34,"loc":{"start":{"line":34,"column":19},"end":{"line":34,"column":40}}}},"statementMap":{"1":{"start":{"line":1,"column":0},"end":{"line":1,"column":28}},"2":{"start":{"line":2,"column":0},"end":{"line":39,"column":2}},"3":{"start":{"line":3,"column":2},"end":{"line":3,"column":19}},"4":{"start":{"line":5,"column":2},"end":{"line":5,"column":12}},"5":{"start":{"line":6,"column":2},"end":{"line":6,"column":14}},"6":{"start":{"line":8,"column":2},"end":{"line":8,"column":32}},"7":{"start":{"line":10,"column":2},"end":{"line":12,"column":4}},"8":{"start":{"line":11,"column":4},"end":{"line":11,"column":16}},"9":{"start":{"line":14,"column":2},"end":{"line":16,"column":4}},"10":{"start":{"line":15,"column":4},"end":{"line":15,"column":23}},"11":{"start":{"line":18,"column":2},"end":{"line":20,"column":4}},"12":{"start":{"line":19,"column":4},"end":{"line":19,"column":29}},"13":{"start":{"line":22,"column":2},"end":{"line":24,"column":4}},"14":{"start":{"line":23,"column":4},"end":{"line":23,"column":17}},"15":{"start":{"line":26,"column":2},"end":{"line":28,"column":4}},"16":{"start":{"line":27,"column":4},"end":{"line":27,"column":16}},"17":{"start":{"line":30,"column":2},"end":{"line":32,"column":4}},"18":{"start":{"line":31,"column":4},"end":{"line":31,"column":18}},"19":{"start":{"line":34,"column":2},"end":{"line":36,"column":4}},"20":{"start":{"line":35,"column":4},"end":{"line":35,"column":23}},"21":{"start":{"line":38,"column":2},"end":{"line":38,"column":14}},"22":{"start":{"line":41,"column":0},"end":{"line":41,"column":22}}},"branchMap":{"1":{"line":15,"type":"binary-expr","locations":[{"start":{"line":15,"column":11},"end":{"line":15,"column":16}},{"start":{"line":15,"column":20},"end":{"line":15,"column":22}}]},"2":{"line":19,"type":"binary-expr","locations":[{"start":{"line":19,"column":11},"end":{"line":19,"column":22}},{"start":{"line":19,"column":26},"end":{"line":19,"column":28}}]}}},"/Users/illianyhamdan/dev-sites/build-your-own-radar/src/models/radar.js":{"path":"/Users/illianyhamdan/dev-sites/build-your-own-radar/src/models/radar.js","s":{"1":1,"2":1,"3":1,"4":1,"5":12,"6":12,"7":12,"8":12,"9":12,"10":1,"11":26,"12":20,"13":12,"14":27,"15":1,"16":26,"17":26,"18":26,"19":1,"20":4,"21":1,"22":3,"23":1,"24":4,"25":12,"26":12,"27":4,"28":8,"29":6,"30":6,"31":12,"32":16,"33":12,"34":1},"b":{"1":[1,26],"2":[1,3]},"f":{"1":12,"2":26,"3":20,"4":27,"5":4,"6":4,"7":12,"8":4,"9":8,"10":6,"11":6,"12":16},"fnMap":{"1":{"name":"(anonymous_1)","line":10,"loc":{"start":{"line":10,"column":14},"end":{"line":10,"column":25}}},"2":{"name":"setNumbers","line":23,"loc":{"start":{"line":23,"column":2},"end":{"line":23,"column":29}}},"3":{"name":"(anonymous_3)","line":24,"loc":{"start":{"line":24,"column":18},"end":{"line":24,"column":34}}},"4":{"name":"(anonymous_4)","line":29,"loc":{"start":{"line":29,"column":21},"end":{"line":29,"column":41}}},"5":{"name":"allQuadrants","line":38,"loc":{"start":{"line":38,"column":3},"end":{"line":38,"column":27}}},"6":{"name":"allBlips","line":45,"loc":{"start":{"line":45,"column":2},"end":{"line":45,"column":22}}},"7":{"name":"(anonymous_7)","line":46,"loc":{"start":{"line":46,"column":33},"end":{"line":46,"column":60}}},"8":{"name":"(anonymous_8)","line":51,"loc":{"start":{"line":51,"column":15},"end":{"line":51,"column":27}}},"9":{"name":"(anonymous_9)","line":52,"loc":{"start":{"line":52,"column":47},"end":{"line":52,"column":63}}},"10":{"name":"(anonymous_10)","line":54,"loc":{"start":{"line":54,"column":8},"end":{"line":54,"column":24}}},"11":{"name":"(anonymous_11)","line":56,"loc":{"start":{"line":56,"column":8},"end":{"line":56,"column":24}}},"12":{"name":"(anonymous_12)","line":61,"loc":{"start":{"line":61,"column":19},"end":{"line":61,"column":31}}}},"statementMap":{"1":{"start":{"line":1,"column":0},"end":{"line":1,"column":71}},"2":{"start":{"line":2,"column":0},"end":{"line":2,"column":63}},"3":{"start":{"line":4,"column":0},"end":{"line":8,"column":2}},"4":{"start":{"line":10,"column":0},"end":{"line":66,"column":2}},"5":{"start":{"line":11,"column":2},"end":{"line":11,"column":50}},"6":{"start":{"line":13,"column":2},"end":{"line":13,"column":17}},"7":{"start":{"line":14,"column":2},"end":{"line":14,"column":21}},"8":{"start":{"line":15,"column":2},"end":{"line":20,"column":4}},"9":{"start":{"line":21,"column":2},"end":{"line":21,"column":12}},"10":{"start":{"line":23,"column":2},"end":{"line":27,"column":3}},"11":{"start":{"line":24,"column":4},"end":{"line":26,"column":7}},"12":{"start":{"line":25,"column":6},"end":{"line":25,"column":35}},"13":{"start":{"line":29,"column":2},"end":{"line":36,"column":4}},"14":{"start":{"line":30,"column":4},"end":{"line":32,"column":5}},"15":{"start":{"line":31,"column":6},"end":{"line":31,"column":73}},"16":{"start":{"line":33,"column":4},"end":{"line":33,"column":50}},"17":{"start":{"line":34,"column":4},"end":{"line":34,"column":33}},"18":{"start":{"line":35,"column":4},"end":{"line":35,"column":21}},"19":{"start":{"line":38,"column":3},"end":{"line":43,"column":3}},"20":{"start":{"line":39,"column":4},"end":{"line":40,"column":79}},"21":{"start":{"line":40,"column":6},"end":{"line":40,"column":79}},"22":{"start":{"line":42,"column":4},"end":{"line":42,"column":40}},"23":{"start":{"line":45,"column":2},"end":{"line":49,"column":3}},"24":{"start":{"line":46,"column":4},"end":{"line":48,"column":11}},"25":{"start":{"line":47,"column":6},"end":{"line":47,"column":44}},"26":{"start":{"line":51,"column":2},"end":{"line":59,"column":4}},"27":{"start":{"line":52,"column":4},"end":{"line":58,"column":7}},"28":{"start":{"line":53,"column":6},"end":{"line":53,"column":32}},"29":{"start":{"line":55,"column":6},"end":{"line":55,"column":25}},"30":{"start":{"line":57,"column":6},"end":{"line":57,"column":26}},"31":{"start":{"line":61,"column":2},"end":{"line":63,"column":4}},"32":{"start":{"line":62,"column":4},"end":{"line":62,"column":21}},"33":{"start":{"line":65,"column":2},"end":{"line":65,"column":14}},"34":{"start":{"line":68,"column":0},"end":{"line":68,"column":23}}},"branchMap":{"1":{"line":30,"type":"if","locations":[{"start":{"line":30,"column":4},"end":{"line":30,"column":4}},{"start":{"line":30,"column":4},"end":{"line":30,"column":4}}]},"2":{"line":39,"type":"if","locations":[{"start":{"line":39,"column":4},"end":{"line":39,"column":4}},{"start":{"line":39,"column":4},"end":{"line":39,"column":4}}]}}},"/Users/illianyhamdan/dev-sites/build-your-own-radar/src/exceptions/malformedDataError.js":{"path":"/Users/illianyhamdan/dev-sites/build-your-own-radar/src/exceptions/malformedDataError.js","s":{"1":1,"2":8,"3":1,"4":1,"5":1,"6":1,"7":1,"8":1},"b":{},"f":{"1":8},"fnMap":{"1":{"name":"(anonymous_1)","line":1,"loc":{"start":{"line":1,"column":27},"end":{"line":1,"column":44}}}},"statementMap":{"1":{"start":{"line":1,"column":0},"end":{"line":3,"column":2}},"2":{"start":{"line":2,"column":2},"end":{"line":2,"column":23}},"3":{"start":{"line":5,"column":0},"end":{"line":5,"column":49}},"4":{"start":{"line":6,"column":0},"end":{"line":6,"column":62}},"5":{"start":{"line":7,"column":0},"end":{"line":7,"column":57}},"6":{"start":{"line":8,"column":0},"end":{"line":8,"column":42}},"7":{"start":{"line":9,"column":0},"end":{"line":9,"column":62}},"8":{"start":{"line":11,"column":0},"end":{"line":11,"column":36}}},"branchMap":{}},"/Users/illianyhamdan/dev-sites/build-your-own-radar/src/util/exceptionMessages.js":{"path":"/Users/illianyhamdan/dev-sites/build-your-own-radar/src/util/exceptionMessages.js","s":{"1":1,"2":1},"b":{},"f":{},"fnMap":{},"statementMap":{"1":{"start":{"line":1,"column":0},"end":{"line":9,"column":2}},"2":{"start":{"line":11,"column":0},"end":{"line":11,"column":35}}},"branchMap":{}},"/Users/illianyhamdan/dev-sites/build-your-own-radar/src/util/contentValidator.js":{"path":"/Users/illianyhamdan/dev-sites/build-your-own-radar/src/util/contentValidator.js","s":{"1":1,"2":1,"3":1,"4":1,"5":5,"6":5,"7":19,"8":5,"9":2,"10":1,"11":5,"12":3,"13":11,"14":1,"15":5,"16":1},"b":{"1":[1,1],"2":[1,10]},"f":{"1":5,"2":19,"3":2,"4":3,"5":11},"fnMap":{"1":{"name":"(anonymous_1)","line":12,"loc":{"start":{"line":12,"column":25},"end":{"line":12,"column":48}}},"2":{"name":"(anonymous_2)","line":14,"loc":{"start":{"line":14,"column":32},"end":{"line":14,"column":53}}},"3":{"name":"(anonymous_3)","line":18,"loc":{"start":{"line":18,"column":23},"end":{"line":18,"column":34}}},"4":{"name":"(anonymous_4)","line":24,"loc":{"start":{"line":24,"column":23},"end":{"line":24,"column":34}}},"5":{"name":"(anonymous_5)","line":25,"loc":{"start":{"line":25,"column":65},"end":{"line":25,"column":82}}}},"statementMap":{"1":{"start":{"line":1,"column":0},"end":{"line":6,"column":2}},"2":{"start":{"line":8,"column":0},"end":{"line":8,"column":78}},"3":{"start":{"line":9,"column":0},"end":{"line":9,"column":57}},"4":{"start":{"line":12,"column":0},"end":{"line":33,"column":2}},"5":{"start":{"line":13,"column":2},"end":{"line":13,"column":16}},"6":{"start":{"line":14,"column":2},"end":{"line":16,"column":5}},"7":{"start":{"line":15,"column":4},"end":{"line":15,"column":29}},"8":{"start":{"line":18,"column":2},"end":{"line":22,"column":4}},"9":{"start":{"line":19,"column":4},"end":{"line":21,"column":5}},"10":{"start":{"line":20,"column":6},"end":{"line":20,"column":70}},"11":{"start":{"line":24,"column":2},"end":{"line":30,"column":4}},"12":{"start":{"line":25,"column":4},"end":{"line":29,"column":7}},"13":{"start":{"line":26,"column":6},"end":{"line":28,"column":7}},"14":{"start":{"line":27,"column":8},"end":{"line":27,"column":72}},"15":{"start":{"line":32,"column":2},"end":{"line":32,"column":14}},"16":{"start":{"line":35,"column":0},"end":{"line":35,"column":34}}},"branchMap":{"1":{"line":19,"type":"if","locations":[{"start":{"line":19,"column":4},"end":{"line":19,"column":4}},{"start":{"line":19,"column":4},"end":{"line":19,"column":4}}]},"2":{"line":26,"type":"if","locations":[{"start":{"line":26,"column":6},"end":{"line":26,"column":6}},{"start":{"line":26,"column":6},"end":{"line":26,"column":6}}]}}},"/Users/illianyhamdan/dev-sites/build-your-own-radar/src/util/inputSanitizer.js":{"path":"/Users/illianyhamdan/dev-sites/build-your-own-radar/src/util/inputSanitizer.js","s":{"1":1,"2":1,"3":1,"4":1,"5":1,"6":11,"7":1,"8":2,"9":2,"10":7,"11":2,"12":1,"13":1,"14":2,"15":2,"16":2,"17":2,"18":2,"19":2,"20":2,"21":1,"22":1},"b":{},"f":{"1":1,"2":11,"3":2,"4":7,"5":2},"fnMap":{"1":{"name":"(anonymous_1)","line":6,"loc":{"start":{"line":6,"column":23},"end":{"line":6,"column":35}}},"2":{"name":"(anonymous_2)","line":18,"loc":{"start":{"line":18,"column":20},"end":{"line":18,"column":35}}},"3":{"name":"trimWhiteSpaces","line":23,"loc":{"start":{"line":23,"column":4},"end":{"line":23,"column":35}}},"4":{"name":"(anonymous_4)","line":25,"loc":{"start":{"line":25,"column":21},"end":{"line":25,"column":42}}},"5":{"name":"(anonymous_5)","line":32,"loc":{"start":{"line":32,"column":20},"end":{"line":32,"column":39}}}},"statementMap":{"1":{"start":{"line":1,"column":0},"end":{"line":1,"column":46}},"2":{"start":{"line":2,"column":0},"end":{"line":4,"column":1}},"3":{"start":{"line":6,"column":0},"end":{"line":44,"column":2}},"4":{"start":{"line":7,"column":4},"end":{"line":13,"column":6}},"5":{"start":{"line":15,"column":4},"end":{"line":21,"column":6}},"6":{"start":{"line":19,"column":14},"end":{"line":19,"column":48}},"7":{"start":{"line":23,"column":4},"end":{"line":29,"column":5}},"8":{"start":{"line":24,"column":6},"end":{"line":24,"column":29}},"9":{"start":{"line":25,"column":6},"end":{"line":27,"column":9}},"10":{"start":{"line":26,"column":8},"end":{"line":26,"column":49}},"11":{"start":{"line":28,"column":6},"end":{"line":28,"column":27}},"12":{"start":{"line":31,"column":4},"end":{"line":31,"column":18}},"13":{"start":{"line":32,"column":4},"end":{"line":41,"column":6}},"14":{"start":{"line":33,"column":6},"end":{"line":33,"column":42}},"15":{"start":{"line":34,"column":6},"end":{"line":34,"column":72}},"16":{"start":{"line":35,"column":6},"end":{"line":35,"column":61}},"17":{"start":{"line":36,"column":6},"end":{"line":36,"column":63}},"18":{"start":{"line":37,"column":6},"end":{"line":37,"column":61}},"19":{"start":{"line":38,"column":6},"end":{"line":38,"column":69}},"20":{"start":{"line":40,"column":6},"end":{"line":40,"column":18}},"21":{"start":{"line":43,"column":4},"end":{"line":43,"column":16}},"22":{"start":{"line":46,"column":0},"end":{"line":46,"column":32}}},"branchMap":{}},"/Users/illianyhamdan/dev-sites/build-your-own-radar/src/util/sheet.js":{"path":"/Users/illianyhamdan/dev-sites/build-your-own-radar/src/util/sheet.js","s":{"1":1,"2":1,"3":1,"4":6,"5":6,"6":6,"7":6,"8":6,"9":0,"10":0,"11":0,"12":0,"13":0,"14":0,"15":0,"16":0,"17":0,"18":6,"19":1},"b":{"1":[5,1],"2":[0,0],"3":[0,0]},"f":{"1":6,"2":6,"3":0,"4":0},"fnMap":{"1":{"name":"(anonymous_1)","line":4,"loc":{"start":{"line":4,"column":14},"end":{"line":4,"column":40}}},"2":{"name":"(anonymous_2)","line":7,"loc":{"start":{"line":7,"column":5},"end":{"line":7,"column":17}}},"3":{"name":"(anonymous_3)","line":12,"loc":{"start":{"line":12,"column":18},"end":{"line":12,"column":38}}},"4":{"name":"(anonymous_4)","line":18,"loc":{"start":{"line":18,"column":33},"end":{"line":18,"column":45}}}},"statementMap":{"1":{"start":{"line":1,"column":0},"end":{"line":1,"column":78}},"2":{"start":{"line":2,"column":0},"end":{"line":2,"column":57}},"3":{"start":{"line":4,"column":0},"end":{"line":31,"column":2}},"4":{"start":{"line":5,"column":4},"end":{"line":5,"column":18}},"5":{"start":{"line":7,"column":4},"end":{"line":10,"column":9}},"6":{"start":{"line":8,"column":8},"end":{"line":8,"column":121}},"7":{"start":{"line":9,"column":8},"end":{"line":9,"column":65}},"8":{"start":{"line":12,"column":4},"end":{"line":28,"column":6}},"9":{"start":{"line":13,"column":8},"end":{"line":13,"column":111}},"10":{"start":{"line":16,"column":8},"end":{"line":16,"column":39}},"11":{"start":{"line":17,"column":8},"end":{"line":17,"column":39}},"12":{"start":{"line":18,"column":8},"end":{"line":26,"column":10}},"13":{"start":{"line":19,"column":12},"end":{"line":25,"column":13}},"14":{"start":{"line":20,"column":16},"end":{"line":24,"column":17}},"15":{"start":{"line":21,"column":20},"end":{"line":21,"column":38}},"16":{"start":{"line":23,"column":20},"end":{"line":23,"column":95}},"17":{"start":{"line":27,"column":8},"end":{"line":27,"column":23}},"18":{"start":{"line":30,"column":4},"end":{"line":30,"column":16}},"19":{"start":{"line":33,"column":0},"end":{"line":33,"column":23}}},"branchMap":{"1":{"line":9,"type":"cond-expr","locations":[{"start":{"line":9,"column":37},"end":{"line":9,"column":47}},{"start":{"line":9,"column":50},"end":{"line":9,"column":64}}]},"2":{"line":19,"type":"if","locations":[{"start":{"line":19,"column":12},"end":{"line":19,"column":12}},{"start":{"line":19,"column":12},"end":{"line":19,"column":12}}]},"3":{"line":20,"type":"if","locations":[{"start":{"line":20,"column":16},"end":{"line":20,"column":16}},{"start":{"line":20,"column":16},"end":{"line":20,"column":16}}]}}},"/Users/illianyhamdan/dev-sites/build-your-own-radar/src/exceptions/sheetNotFoundError.js":{"path":"/Users/illianyhamdan/dev-sites/build-your-own-radar/src/exceptions/sheetNotFoundError.js","s":{"1":1,"2":0,"3":1,"4":1,"5":1,"6":1,"7":1,"8":1},"b":{},"f":{"1":0},"fnMap":{"1":{"name":"(anonymous_1)","line":1,"loc":{"start":{"line":1,"column":27},"end":{"line":1,"column":44}}}},"statementMap":{"1":{"start":{"line":1,"column":0},"end":{"line":3,"column":2}},"2":{"start":{"line":2,"column":4},"end":{"line":2,"column":25}},"3":{"start":{"line":5,"column":0},"end":{"line":5,"column":49}},"4":{"start":{"line":6,"column":0},"end":{"line":6,"column":62}},"5":{"start":{"line":7,"column":0},"end":{"line":7,"column":57}},"6":{"start":{"line":8,"column":0},"end":{"line":8,"column":42}},"7":{"start":{"line":9,"column":0},"end":{"line":9,"column":62}},"8":{"start":{"line":11,"column":0},"end":{"line":11,"column":36}}},"branchMap":{}},"/Users/illianyhamdan/dev-sites/build-your-own-radar/src/site.js":{"path":"/Users/illianyhamdan/dev-sites/build-your-own-radar/src/site.js","s":{"1":0,"2":0,"3":0,"4":0,"5":0,"6":0,"7":0,"8":0},"b":{},"f":{},"fnMap":{},"statementMap":{"1":{"start":{"line":1,"column":0},"end":{"line":1,"column":35}},"2":{"start":{"line":2,"column":0},"end":{"line":2,"column":29}},"3":{"start":{"line":3,"column":0},"end":{"line":3,"column":60}},"4":{"start":{"line":4,"column":0},"end":{"line":4,"column":32}},"5":{"start":{"line":5,"column":0},"end":{"line":5,"column":32}},"6":{"start":{"line":6,"column":0},"end":{"line":6,"column":37}},"7":{"start":{"line":8,"column":0},"end":{"line":8,"column":51}},"8":{"start":{"line":10,"column":0},"end":{"line":10,"column":27}}},"branchMap":{}},"/Users/illianyhamdan/dev-sites/build-your-own-radar/src/util/factory.js":{"path":"/Users/illianyhamdan/dev-sites/build-your-own-radar/src/util/factory.js","s":{"1":0,"2":0,"3":0,"4":0,"5":0,"6":0,"7":0,"8":0,"9":0,"10":0,"11":0,"12":0,"13":0,"14":0,"15":0,"16":0,"17":0,"18":0,"19":0,"20":0,"21":0,"22":0,"23":0,"24":0,"25":0,"26":0,"27":0,"28":0,"29":0,"30":0,"31":0,"32":0,"33":0,"34":0,"35":0,"36":0,"37":0,"38":0,"39":0,"40":0,"41":0,"42":0,"43":0,"44":0,"45":0,"46":0,"47":0,"48":0,"49":0,"50":0,"51":0,"52":0,"53":0,"54":0,"55":0,"56":0,"57":0,"58":0,"59":0,"60":0,"61":0,"62":0,"63":0,"64":0,"65":0,"66":0,"67":0,"68":0,"69":0,"70":0,"71":0,"72":0,"73":0,"74":0,"75":0,"76":0,"77":0,"78":0,"79":0,"80":0,"81":0,"82":0,"83":0,"84":0,"85":0,"86":0,"87":0,"88":0,"89":0,"90":0,"91":0,"92":0,"93":0,"94":0,"95":0,"96":0,"97":0,"98":0,"99":0,"100":0,"101":0,"102":0,"103":0,"104":0,"105":0,"106":0,"107":0,"108":0,"109":0,"110":0,"111":0},"b":{"1":[0,0],"2":[0,0],"3":[0,0],"4":[0,0],"5":[0,0],"6":[0,0],"7":[0,0],"8":[0,0]},"f":{"1":0,"2":0,"3":0,"4":0,"5":0,"6":0,"7":0,"8":0,"9":0,"10":0,"11":0,"12":0,"13":0,"14":0,"15":0,"16":0,"17":0,"18":0},"fnMap":{"1":{"name":"(anonymous_1)","line":23,"loc":{"start":{"line":23,"column":20},"end":{"line":23,"column":57}}},"2":{"name":"(anonymous_2)","line":26,"loc":{"start":{"line":26,"column":17},"end":{"line":26,"column":29}}},"3":{"name":"(anonymous_3)","line":28,"loc":{"start":{"line":28,"column":21},"end":{"line":28,"column":40}}},"4":{"name":"displayErrorMessage","line":40,"loc":{"start":{"line":40,"column":8},"end":{"line":40,"column":48}}},"5":{"name":"createRadar","line":63,"loc":{"start":{"line":63,"column":8},"end":{"line":63,"column":43}}},"6":{"name":"(anonymous_6)","line":86,"loc":{"start":{"line":86,"column":30},"end":{"line":86,"column":53}}},"7":{"name":"(anonymous_7)","line":94,"loc":{"start":{"line":94,"column":30},"end":{"line":94,"column":46}}},"8":{"name":"(anonymous_8)","line":102,"loc":{"start":{"line":102,"column":34},"end":{"line":102,"column":54}}},"9":{"name":"(anonymous_9)","line":116,"loc":{"start":{"line":116,"column":16},"end":{"line":116,"column":28}}},"10":{"name":"(anonymous_10)","line":138,"loc":{"start":{"line":138,"column":18},"end":{"line":138,"column":41}}},"11":{"name":"(anonymous_11)","line":139,"loc":{"start":{"line":139,"column":17},"end":{"line":139,"column":30}}},"12":{"name":"(anonymous_12)","line":154,"loc":{"start":{"line":154,"column":25},"end":{"line":154,"column":37}}},"13":{"name":"(anonymous_13)","line":157,"loc":{"start":{"line":157,"column":17},"end":{"line":157,"column":29}}},"14":{"name":"set_document_title","line":187,"loc":{"start":{"line":187,"column":0},"end":{"line":187,"column":30}}},"15":{"name":"plotLogo","line":191,"loc":{"start":{"line":191,"column":0},"end":{"line":191,"column":27}}},"16":{"name":"plotFooter","line":197,"loc":{"start":{"line":197,"column":0},"end":{"line":197,"column":29}}},"17":{"name":"plotBanner","line":213,"loc":{"start":{"line":213,"column":0},"end":{"line":213,"column":35}}},"18":{"name":"plotForm","line":220,"loc":{"start":{"line":220,"column":0},"end":{"line":220,"column":27}}}},"statementMap":{"1":{"start":{"line":1,"column":0},"end":{"line":1,"column":25}},"2":{"start":{"line":2,"column":0},"end":{"line":2,"column":37}},"3":{"start":{"line":3,"column":0},"end":{"line":8,"column":2}},"4":{"start":{"line":10,"column":0},"end":{"line":10,"column":51}},"5":{"start":{"line":11,"column":0},"end":{"line":11,"column":41}},"6":{"start":{"line":12,"column":0},"end":{"line":12,"column":47}},"7":{"start":{"line":13,"column":0},"end":{"line":13,"column":39}},"8":{"start":{"line":14,"column":0},"end":{"line":14,"column":39}},"9":{"start":{"line":15,"column":0},"end":{"line":15,"column":51}},"10":{"start":{"line":16,"column":0},"end":{"line":16,"column":71}},"11":{"start":{"line":17,"column":0},"end":{"line":17,"column":71}},"12":{"start":{"line":18,"column":0},"end":{"line":18,"column":55}},"13":{"start":{"line":19,"column":0},"end":{"line":19,"column":33}},"14":{"start":{"line":20,"column":0},"end":{"line":20,"column":57}},"15":{"start":{"line":23,"column":0},"end":{"line":136,"column":2}},"16":{"start":{"line":24,"column":4},"end":{"line":24,"column":18}},"17":{"start":{"line":26,"column":4},"end":{"line":114,"column":6}},"18":{"start":{"line":27,"column":8},"end":{"line":27,"column":46}},"19":{"start":{"line":28,"column":8},"end":{"line":38,"column":11}},"20":{"start":{"line":29,"column":12},"end":{"line":32,"column":13}},"21":{"start":{"line":30,"column":16},"end":{"line":30,"column":46}},"22":{"start":{"line":31,"column":16},"end":{"line":31,"column":23}},"23":{"start":{"line":34,"column":12},"end":{"line":37,"column":15}},"24":{"start":{"line":40,"column":8},"end":{"line":61,"column":9}},"25":{"start":{"line":41,"column":12},"end":{"line":41,"column":46}},"26":{"start":{"line":42,"column":12},"end":{"line":42,"column":97}},"27":{"start":{"line":44,"column":12},"end":{"line":50,"column":13}},"28":{"start":{"line":45,"column":16},"end":{"line":45,"column":60}},"29":{"start":{"line":46,"column":19},"end":{"line":50,"column":13}},"30":{"start":{"line":47,"column":16},"end":{"line":47,"column":44}},"31":{"start":{"line":49,"column":16},"end":{"line":49,"column":41}},"32":{"start":{"line":52,"column":12},"end":{"line":52,"column":179}},"33":{"start":{"line":54,"column":12},"end":{"line":60,"column":31}},"34":{"start":{"line":63,"column":8},"end":{"line":113,"column":9}},"35":{"start":{"line":65,"column":12},"end":{"line":112,"column":13}},"36":{"start":{"line":67,"column":16},"end":{"line":69,"column":17}},"37":{"start":{"line":68,"column":20},"end":{"line":68,"column":60}},"38":{"start":{"line":70,"column":16},"end":{"line":70,"column":73}},"39":{"start":{"line":72,"column":16},"end":{"line":72,"column":73}},"40":{"start":{"line":73,"column":16},"end":{"line":73,"column":49}},"41":{"start":{"line":74,"column":16},"end":{"line":74,"column":49}},"42":{"start":{"line":76,"column":16},"end":{"line":76,"column":59}},"43":{"start":{"line":77,"column":16},"end":{"line":77,"column":70}},"44":{"start":{"line":79,"column":16},"end":{"line":79,"column":58}},"45":{"start":{"line":80,"column":16},"end":{"line":80,"column":50}},"46":{"start":{"line":82,"column":16},"end":{"line":82,"column":67}},"47":{"start":{"line":83,"column":16},"end":{"line":83,"column":33}},"48":{"start":{"line":84,"column":16},"end":{"line":84,"column":33}},"49":{"start":{"line":86,"column":16},"end":{"line":91,"column":19}},"50":{"start":{"line":87,"column":20},"end":{"line":89,"column":21}},"51":{"start":{"line":88,"column":24},"end":{"line":88,"column":87}},"52":{"start":{"line":90,"column":20},"end":{"line":90,"column":62}},"53":{"start":{"line":93,"column":16},"end":{"line":93,"column":35}},"54":{"start":{"line":94,"column":16},"end":{"line":99,"column":19}},"55":{"start":{"line":95,"column":20},"end":{"line":97,"column":21}},"56":{"start":{"line":96,"column":24},"end":{"line":96,"column":93}},"57":{"start":{"line":98,"column":20},"end":{"line":98,"column":156}},"58":{"start":{"line":101,"column":16},"end":{"line":101,"column":40}},"59":{"start":{"line":102,"column":16},"end":{"line":104,"column":19}},"60":{"start":{"line":103,"column":20},"end":{"line":103,"column":47}},"61":{"start":{"line":106,"column":16},"end":{"line":106,"column":93}},"62":{"start":{"line":108,"column":16},"end":{"line":108,"column":61}},"63":{"start":{"line":111,"column":16},"end":{"line":111,"column":47}},"64":{"start":{"line":116,"column":4},"end":{"line":133,"column":6}},"65":{"start":{"line":117,"column":8},"end":{"line":121,"column":42}},"66":{"start":{"line":123,"column":8},"end":{"line":123,"column":29}},"67":{"start":{"line":125,"column":8},"end":{"line":125,"column":26}},"68":{"start":{"line":127,"column":8},"end":{"line":127,"column":127}},"69":{"start":{"line":128,"column":8},"end":{"line":128,"column":40}},"70":{"start":{"line":129,"column":8},"end":{"line":129,"column":28}},"71":{"start":{"line":132,"column":8},"end":{"line":132,"column":20}},"72":{"start":{"line":135,"column":4},"end":{"line":135,"column":16}},"73":{"start":{"line":138,"column":0},"end":{"line":151,"column":2}},"74":{"start":{"line":139,"column":4},"end":{"line":141,"column":6}},"75":{"start":{"line":140,"column":8},"end":{"line":140,"column":57}},"76":{"start":{"line":143,"column":4},"end":{"line":143,"column":38}},"77":{"start":{"line":145,"column":4},"end":{"line":145,"column":25}},"78":{"start":{"line":146,"column":4},"end":{"line":146,"column":14}},"79":{"start":{"line":147,"column":4},"end":{"line":148,"column":57}},"80":{"start":{"line":148,"column":8},"end":{"line":148,"column":57}},"81":{"start":{"line":150,"column":4},"end":{"line":150,"column":22}},"82":{"start":{"line":154,"column":0},"end":{"line":185,"column":2}},"83":{"start":{"line":155,"column":4},"end":{"line":155,"column":18}},"84":{"start":{"line":157,"column":4},"end":{"line":182,"column":6}},"85":{"start":{"line":158,"column":8},"end":{"line":158,"column":75}},"86":{"start":{"line":160,"column":8},"end":{"line":181,"column":9}},"87":{"start":{"line":161,"column":12},"end":{"line":161,"column":80}},"88":{"start":{"line":162,"column":12},"end":{"line":162,"column":33}},"89":{"start":{"line":164,"column":12},"end":{"line":166,"column":46}},"90":{"start":{"line":168,"column":12},"end":{"line":168,"column":33}},"91":{"start":{"line":170,"column":12},"end":{"line":170,"column":30}},"92":{"start":{"line":172,"column":12},"end":{"line":173,"column":206}},"93":{"start":{"line":175,"column":12},"end":{"line":175,"column":44}},"94":{"start":{"line":177,"column":12},"end":{"line":177,"column":30}},"95":{"start":{"line":179,"column":12},"end":{"line":179,"column":32}},"96":{"start":{"line":184,"column":4},"end":{"line":184,"column":16}},"97":{"start":{"line":187,"column":0},"end":{"line":189,"column":1}},"98":{"start":{"line":188,"column":4},"end":{"line":188,"column":44}},"99":{"start":{"line":191,"column":0},"end":{"line":195,"column":1}},"100":{"start":{"line":192,"column":4},"end":{"line":194,"column":95}},"101":{"start":{"line":197,"column":0},"end":{"line":211,"column":1}},"102":{"start":{"line":198,"column":4},"end":{"line":207,"column":154}},"103":{"start":{"line":213,"column":0},"end":{"line":218,"column":1}},"104":{"start":{"line":214,"column":4},"end":{"line":216,"column":20}},"105":{"start":{"line":220,"column":0},"end":{"line":241,"column":1}},"106":{"start":{"line":221,"column":4},"end":{"line":224,"column":205}},"107":{"start":{"line":226,"column":4},"end":{"line":227,"column":31}},"108":{"start":{"line":229,"column":4},"end":{"line":232,"column":122}},"109":{"start":{"line":234,"column":4},"end":{"line":238,"column":32}},"110":{"start":{"line":240,"column":4},"end":{"line":240,"column":128}},"111":{"start":{"line":243,"column":0},"end":{"line":243,"column":34}}},"branchMap":{"1":{"line":29,"type":"if","locations":[{"start":{"line":29,"column":12},"end":{"line":29,"column":12}},{"start":{"line":29,"column":12},"end":{"line":29,"column":12}}]},"2":{"line":44,"type":"if","locations":[{"start":{"line":44,"column":12},"end":{"line":44,"column":12}},{"start":{"line":44,"column":12},"end":{"line":44,"column":12}}]},"3":{"line":46,"type":"if","locations":[{"start":{"line":46,"column":19},"end":{"line":46,"column":19}},{"start":{"line":46,"column":19},"end":{"line":46,"column":19}}]},"4":{"line":67,"type":"if","locations":[{"start":{"line":67,"column":16},"end":{"line":67,"column":16}},{"start":{"line":67,"column":16},"end":{"line":67,"column":16}}]},"5":{"line":87,"type":"if","locations":[{"start":{"line":87,"column":20},"end":{"line":87,"column":20}},{"start":{"line":87,"column":20},"end":{"line":87,"column":20}}]},"6":{"line":95,"type":"if","locations":[{"start":{"line":95,"column":20},"end":{"line":95,"column":20}},{"start":{"line":95,"column":20},"end":{"line":95,"column":20}}]},"7":{"line":106,"type":"cond-expr","locations":[{"start":{"line":106,"column":62},"end":{"line":106,"column":65}},{"start":{"line":106,"column":68},"end":{"line":106,"column":92}}]},"8":{"line":160,"type":"if","locations":[{"start":{"line":160,"column":8},"end":{"line":160,"column":8}},{"start":{"line":160,"column":8},"end":{"line":160,"column":8}}]}}}}